# Logfile created on 2014-02-14 13:53:17 -0700 by logger.rb/44203
I, [2014-02-14T13:53:17.247978 #47927]  INFO -- : 0:  addressable (2.3.5) from /Users/arubis/.rvm/gems/ruby-2.1.0/specifications/addressable-2.3.5.gemspec
I, [2014-02-14T13:53:23.204766 #47927]  INFO -- : 0:  backports (3.5.0) from /Users/arubis/.rvm/gems/ruby-2.1.0/specifications/backports-3.5.0.gemspec
I, [2014-02-14T13:53:23.205463 #47927]  INFO -- : 0:  sass (3.2.14) from /Users/arubis/.rvm/gems/ruby-2.1.0/specifications/sass-3.2.14.gemspec
I, [2014-02-14T13:53:31.128112 #47927]  INFO -- : 0:  bootstrap-sass (3.1.1.0) from /Users/arubis/.rvm/gems/ruby-2.1.0/specifications/bootstrap-sass-3.1.1.0.gemspec
I, [2014-02-14T13:53:32.207984 #47927]  INFO -- : 0:  timers (1.1.0) from /Users/arubis/.rvm/gems/ruby-2.1.0/specifications/timers-1.1.0.gemspec
I, [2014-02-14T13:53:35.721828 #47927]  INFO -- : 0:  celluloid (0.15.2) from /Users/arubis/.rvm/gems/ruby-2.1.0/specifications/celluloid-0.15.2.gemspec
I, [2014-02-14T13:54:24.295368 #47927]  INFO -- : 0:  nio4r (1.0.0) from /Users/arubis/.rvm/gems/ruby-2.1.0/specifications/nio4r-1.0.0.gemspec
I, [2014-02-14T13:54:27.153929 #47927]  INFO -- : 0:  celluloid-io (0.15.0) from /Users/arubis/.rvm/gems/ruby-2.1.0/specifications/celluloid-io-0.15.0.gemspec
I, [2014-02-14T13:54:32.124178 #47927]  INFO -- : 0:  chunky_png (1.3.0) from /Users/arubis/.rvm/gems/ruby-2.1.0/specifications/chunky_png-1.3.0.gemspec
I, [2014-02-14T13:54:32.127490 #47927]  INFO -- : 0:  coderay (1.1.0) from /Users/arubis/.rvm/gems/ruby-2.1.0/specifications/coderay-1.1.0.gemspec
I, [2014-02-14T13:54:32.129564 #47927]  INFO -- : 0:  fssm (0.2.10) from /Users/arubis/.rvm/gems/ruby-2.1.0/specifications/fssm-0.2.10.gemspec
I, [2014-02-14T13:54:32.132518 #47927]  INFO -- : 0:  compass (0.12.2) from /Users/arubis/.rvm/gems/ruby-2.1.0/specifications/compass-0.12.2.gemspec
I, [2014-02-14T13:54:36.454112 #47927]  INFO -- : 0:  daemons (1.1.9) from /Users/arubis/.rvm/gems/ruby-2.1.0/specifications/daemons-1.1.9.gemspec
I, [2014-02-14T13:54:37.377084 #47927]  INFO -- : 0:  diff-lcs (1.2.5) from /Users/arubis/.rvm/gems/ruby-2.1.0/specifications/diff-lcs-1.2.5.gemspec
I, [2014-02-14T13:54:38.402295 #47927]  INFO -- : 0:  dotenv (0.9.0) from /Users/arubis/.rvm/gems/ruby-2.1.0/specifications/dotenv-0.9.0.gemspec
I, [2014-02-14T13:55:22.800415 #47927]  INFO -- : 0:  eventmachine (1.0.3) from /Users/arubis/.rvm/gems/ruby-2.1.0/specifications/eventmachine-1.0.3.gemspec
I, [2014-02-14T13:55:25.301196 #47927]  INFO -- : 0:  excon (0.31.0) from /Users/arubis/.rvm/gems/ruby-2.1.0/specifications/excon-0.31.0.gemspec
I, [2014-02-14T13:55:25.302445 #47927]  INFO -- : 0:  ffi (1.9.3) from /Users/arubis/.rvm/gems/ruby-2.1.0/specifications/ffi-1.9.3.gemspec
I, [2014-02-14T13:55:27.122252 #47927]  INFO -- : 0:  thor (0.18.1) from /Users/arubis/.rvm/gems/ruby-2.1.0/specifications/thor-0.18.1.gemspec
I, [2014-02-14T13:55:36.894112 #47927]  INFO -- : 0:  foreman (0.63.0) from /Users/arubis/.rvm/gems/ruby-2.1.0/specifications/foreman-0.63.0.gemspec
I, [2014-02-14T13:55:39.669008 #47927]  INFO -- : 0:  formatador (0.2.4) from /Users/arubis/.rvm/gems/ruby-2.1.0/specifications/formatador-0.2.4.gemspec
I, [2014-02-14T13:55:45.973048 #47927]  INFO -- : 0:  growl (1.0.3) from /Users/arubis/.rvm/gems/ruby-2.1.0/specifications/growl-1.0.3.gemspec
I, [2014-02-14T13:55:45.973936 #47927]  INFO -- : 0:  rb-fsevent (0.9.4) from /Users/arubis/.rvm/gems/ruby-2.1.0/specifications/rb-fsevent-0.9.4.gemspec
I, [2014-02-14T13:55:45.974678 #47927]  INFO -- : 0:  rb-inotify (0.9.3) from /Users/arubis/.rvm/gems/ruby-2.1.0/specifications/rb-inotify-0.9.3.gemspec
I, [2014-02-14T13:55:49.516942 #47927]  INFO -- : 0:  listen (2.5.0) from /Users/arubis/.rvm/gems/ruby-2.1.0/specifications/listen-2.5.0.gemspec
I, [2014-02-14T13:55:50.916096 #47927]  INFO -- : 0:  lumberjack (1.0.4) from /Users/arubis/.rvm/gems/ruby-2.1.0/specifications/lumberjack-1.0.4.gemspec
I, [2014-02-14T13:55:50.918373 #47927]  INFO -- : 0:  method_source (0.8.2) from /Users/arubis/.rvm/gems/ruby-2.1.0/specifications/method_source-0.8.2.gemspec
I, [2014-02-14T13:55:50.920604 #47927]  INFO -- : 0:  slop (3.4.7) from /Users/arubis/.rvm/gems/ruby-2.1.0/specifications/slop-3.4.7.gemspec
I, [2014-02-14T13:55:54.938418 #47927]  INFO -- : 0:  pry (0.9.12.6) from /Users/arubis/.rvm/gems/ruby-2.1.0/specifications/pry-0.9.12.6.gemspec
I, [2014-02-14T13:56:00.506862 #47927]  INFO -- : 0:  guard (2.4.0) from /Users/arubis/.rvm/gems/ruby-2.1.0/specifications/guard-2.4.0.gemspec
I, [2014-02-14T13:56:03.254384 #47927]  INFO -- : 0:  rspec-core (2.14.7) from /Users/arubis/.rvm/gems/ruby-2.1.0/specifications/rspec-core-2.14.7.gemspec
I, [2014-02-14T13:56:05.499909 #47927]  INFO -- : 0:  rspec-expectations (2.14.5) from /Users/arubis/.rvm/gems/ruby-2.1.0/specifications/rspec-expectations-2.14.5.gemspec
I, [2014-02-14T13:56:11.286552 #47927]  INFO -- : 0:  rspec-mocks (2.14.5) from /Users/arubis/.rvm/gems/ruby-2.1.0/specifications/rspec-mocks-2.14.5.gemspec
I, [2014-02-14T13:56:11.973214 #47927]  INFO -- : 0:  rspec (2.14.1) from /Users/arubis/.rvm/gems/ruby-2.1.0/specifications/rspec-2.14.1.gemspec
I, [2014-02-14T13:56:13.479812 #47927]  INFO -- : 0:  guard-rspec (4.2.6) from /Users/arubis/.rvm/gems/ruby-2.1.0/specifications/guard-rspec-4.2.6.gemspec
I, [2014-02-14T13:56:13.484860 #47927]  INFO -- : 0:  tilt (1.4.1) from /Users/arubis/.rvm/gems/ruby-2.1.0/specifications/tilt-1.4.1.gemspec
I, [2014-02-14T13:56:15.334616 #47927]  INFO -- : 0:  haml (4.0.5) from /Users/arubis/.rvm/gems/ruby-2.1.0/specifications/haml-4.0.5.gemspec
I, [2014-02-14T13:56:17.131916 #47927]  INFO -- : 0:  multi_json (1.8.4) from /Users/arubis/.rvm/gems/ruby-2.1.0/specifications/multi_json-1.8.4.gemspec
I, [2014-02-14T13:56:20.425910 #47927]  INFO -- : 0:  heroku-api (0.3.17) from /Users/arubis/.rvm/gems/ruby-2.1.0/specifications/heroku-api-0.3.17.gemspec
I, [2014-02-14T13:56:21.751839 #47927]  INFO -- : 0:  launchy (2.4.2) from /Users/arubis/.rvm/gems/ruby-2.1.0/specifications/launchy-2.4.2.gemspec
I, [2014-02-14T13:56:24.531271 #47927]  INFO -- : 0:  netrc (0.7.7) from /Users/arubis/.rvm/gems/ruby-2.1.0/specifications/netrc-0.7.7.gemspec
I, [2014-02-14T13:56:26.306478 #47927]  INFO -- : 0:  mime-types (2.1) from /Users/arubis/.rvm/gems/ruby-2.1.0/specifications/mime-types-2.1.gemspec
I, [2014-02-14T13:56:28.972314 #47927]  INFO -- : 0:  rest-client (1.6.7) from /Users/arubis/.rvm/gems/ruby-2.1.0/specifications/rest-client-1.6.7.gemspec
I, [2014-02-14T13:56:33.033834 #47927]  INFO -- : 0:  rubyzip (1.1.0) from /Users/arubis/.rvm/gems/ruby-2.1.0/specifications/rubyzip-1.1.0.gemspec
I, [2014-02-14T13:56:46.297028 #47927]  INFO -- : 0:  heroku (3.3.0) from /Users/arubis/.rvm/gems/ruby-2.1.0/specifications/heroku-3.3.0.gemspec
I, [2014-02-14T13:56:54.662573 #47927]  INFO -- : 0:  kramdown (1.3.1) from /Users/arubis/.rvm/gems/ruby-2.1.0/specifications/kramdown-1.3.1.gemspec
I, [2014-02-14T13:56:54.707736 #47927]  INFO -- : 0:  rack (1.5.2) from /Users/arubis/.rvm/gems/ruby-2.1.0/specifications/rack-1.5.2.gemspec
I, [2014-02-14T13:56:54.709720 #47927]  INFO -- : 0:  rack-protection (1.5.2) from /Users/arubis/.rvm/gems/ruby-2.1.0/specifications/rack-protection-1.5.2.gemspec
I, [2014-02-14T13:56:55.598748 #47927]  INFO -- : 0:  rack-test (0.6.2) from /Users/arubis/.rvm/gems/ruby-2.1.0/specifications/rack-test-0.6.2.gemspec
I, [2014-02-14T13:56:55.600033 #47927]  INFO -- : 0:  sinatra (1.4.4) from /Users/arubis/.rvm/gems/ruby-2.1.0/specifications/sinatra-1.4.4.gemspec
I, [2014-02-14T13:56:57.464266 #47927]  INFO -- : 0:  sinatra-contrib (1.4.2) from /Users/arubis/.rvm/gems/ruby-2.1.0/specifications/sinatra-contrib-1.4.2.gemspec
I, [2014-02-14T13:56:58.450705 #47927]  INFO -- : 0:  sinatra-reloader (1.0) from /Users/arubis/.rvm/gems/ruby-2.1.0/specifications/sinatra-reloader-1.0.gemspec
I, [2014-02-14T13:57:02.715390 #47927]  INFO -- : 0:  spork (0.9.2) from /Users/arubis/.rvm/gems/ruby-2.1.0/specifications/spork-0.9.2.gemspec
I, [2014-02-14T13:57:09.008126 #47927]  INFO -- : 0:  thin (1.6.1) from /Users/arubis/.rvm/gems/ruby-2.1.0/specifications/thin-1.6.1.gemspec
I, [2014-02-14T13:57:09.010210 #47927]  INFO -- : 0:  bundler (1.5.1) from /Users/arubis/.rvm/gems/ruby-2.1.0@global/specifications/bundler-1.5.1.gemspec
